Command line:
"travis encrypt DEPLOY_KEY=-----BEGIN RSA PRIVATE KEY----- MIIEowIBAAKCAQEAx3MVCgXPJvWF1o240Lsxyj0lBztgbPL0ILoJrf9ArTFUpvk8 P1O5KJJI8vLFLY/9UHz34bo2T9mOnpw/L7bto1wzK/8haPjTtjnmTcqRjd6LmUwq 0x2GKgSYk985yF3mfizo2su4DvJVl67JvWf27RRT+E0vfEfKmW6EeuTKAd9IJwvo B/3I08zQRhDgHJ8Dr5SX0oitsKasWYeV5JaACR/qlXIROO5RiTocHaAOlVou60f2 L7Jr7NqxFrSuf32yzj8GUXGD5AgnnTX1eJRLVsKMWfRx91zPninVIRn1V9N3o8ZY Rg3/m2F93rR/uEym9uL1u7a9SCqEIvyeXvcCGQIDAQABAoIBAC89x/b2x0lAEHJw YR03qaRwdSvQWZeUuFRkHFTVR9l9/MIL+MQ7LXk5pQO+kwumtmZxIzmZJLInIsvY 0HKZzpHKDejW5m/5uBPKhQ1Z9L34v3IRA3e734JmUkl8LzCRZT3vnzvr0u3fYnyq DujJDki7buQ6TAwQ6SEMd16wgFSOxkUGeTiTb2vjYrDGFQXYUYMXgRajGQcvAgQa PIJwN+KirWiMmD3B4kTdTjH+zzb/8xkh8l5iBrU4y4Ut5HuLWAHmLh1+kWpZBvAw lIa2ZHGT6L0r8l/m4w+7l/QndeNImQEujRxV0UhCoHjQZxkzkCqpzyaKsQORt7ya w5boCZ0CgYEA8HcJGvGJmjBoIDviyKo6UEkafOFUS2V/Zf+yUgoOevgQLi96hMxD 3YazTAVgMzuLPsA5lNvzcmyGLDUqPQa8WqGlxZ2IUXPcS2JWAYKiPzfgqNECEStS ZkTKnBXwxcYEpEgTh/V+fx2SI4wmsR6fYG+Hglo7mnIrtw7cJAv0Ya8CgYEA1FW0 9Nko9rnoWPYQYIGPYBPi8JKjbYUOFrifecUt2sSYzCCrQvb+7EmlSdkA/Ldx/VPB wG3YhMkmJhZfjdSEh9TCz72DqMzY3pnoXk+DVhYR7H0T9m2nk97xjvgjoJ/Eseqw QLDS08GstVDwl+/eKs1yeeOiwaE599YPfPwfMrcCgYAiPKCEQI2Z8Xhx1nT0oyAI XFA0JZTt4zafXCeUfLARHA6ZtNLZ44dqHAqdMUrAIKMzvQS1yBdCXGdCFhO8eqAI u2kx2LsW9csQxKCAOIxHOfp3rsJ/lU53FyZN0OXmEsqIZWa6fd6T1K8A9qxvnW+N uHNvwM8pr0XAG5KGY1lZKwKBgC72cdqBuVSwk5oxejfOEAcA/v2UgT704cPWu7b0 DItJVj43r4lVFdbvBvbJXzWF4VlVUBIeeXgNAToFUscMzO85+Ih38wm/nOvHAKTz UyoUIYy7sVGcuSa0dZrYeRDKpXdwX+E++rJJMMi9iSkhrXKsE/ivh0zqOub82lob bU8LAoGBAK51EPf2ONO2C8F92o1YjprnAz2CZXXTOU4CJsVJ1BakeQqKK6xoijux jg0ybPvDtkE095W4xL9O2MqPznX2LaWjZnJOfDWUCeaKmwjlufKxdf+O8y2PS6SC 6y+K1ODaZXOQJsW2WJh8j2HDw7SDT+nH8BcN8FujdGbteO1Gi2eY -----END RSA PRIVATE KEY----- --ad env.matrix"


   ________                                 __
  /        |                               /  |
  ########/ ______    ______    __     __  ##/    _______
     ## |  /      \  /      \  /  \   /  | /  |  /       |
     ## | /######  | ######  | ##  \ /##/  ## | /#######/
     ## | ## |  ##/  /    ## |  ##  /##/   ## | ##      \
     ## | ## |      /####### |   ## ##/    ## |  ######  |
     ## | ## |      ##    ## |    ###/     ## | /     ##/
     ##/  ##/        #######/      #/      ##/  #######/

     TRajectory Analyzer and VISualizer  -  Open-source freeware under GNU GPL v3

     Copyright (c) Martin Brehm      (2009-2014)
                   Martin Thomas     (2012-2014)
                   Barbara Kirchner  (2009-2014)
                   University of Leipzig / University of Bonn.

     http://www.travis-analyzer.de

     Please cite:
     M. Brehm and B. Kirchner, J. Chem. Inf. Model. 2011, 51 (8), pp 2007-2023.

     There is absolutely no warranty on any results obtained from TRAVIS.

  #  Running on PC0125-linux at Sat Nov 14 20:04:11 2015 (PID 13104).
  #  Running in /home/mklauber/git/tiddly-mathjs
  #  Source code version: Jan 17 2014.
  #  Compiled at Jan 19 2014 05:12:11.
  #  Compiler version: 4.8.2
  #  Target platform: Linux
  #  Compile flags: DEBUG_ARRAYS 
  #  Machine: int=4b, long=8b, addr=8b, 0xA0B0C0D0=D0,C0,B0,A0.
  #  User home: /home/mklauber
  #  Exe path: /usr/bin/travis
  #  Input from terminal, Output to terminal

 >>> Please use a color scheme with dark background or specify "-nocolor"! <<<

    Loading configuration from /home/mklauber/.travis.conf ...

Unknown parameter: "encrypt".

    List of supported command line options:

      -p <file>       Loads position data from the specified trajectory file.
                      The file format may be *.xyz, *.pdb, *.lmp (Lammps) or HISTORY (DLPOLY).
      -i <file>       Reads input from the specified text file.

      -config <file>  Load the specified configuration file.
      -stream         Treats input trajectory as a stream (e.g. named pipe): No fseek, etc.
      -showconf       Shows a tree structure of the configuration file.
      -writeconf      Writes the default configuration file, including all defines values.

      -verbose        Show detailed information about what's going on.
      -nocolor        Executes TRAVIS in monochrome mode.
      -dimcolor       Uses dim instead of bright colors.

      -credits        Display a list of persons which contributed to TRAVIS.
      -help, -?       Shows this help.

    If only one argument is specified, it is assumed to be the name of a trajectory file.
    If argument is specified at all, TRAVIS asks for the trajectory file to open.


    Note: To show a list of all persons which contributed to TRAVIS,
          please add "-credits" to your command line arguments, or set the
          variable "SHOWCREDITS" to "TRUE" in your travis.conf file.

    Source code from other projects used in TRAVIS:
      - lmfit     from Joachim Wuttke
      - kiss_fft  from Mark Borgerding
      - voro++    from Chris Rycroft

    http://www.travis-analyzer.de

    Please cite:

  * "TRAVIS - A Free Analyzer and Visualizer for Monte Carlo and Molecular Dynamics Trajectories",
    M. Brehm, B. Kirchner; J. Chem. Inf. Model. 2011, 51 (8), pp 2007-2023.

*** The End ***

